<?xml version="1.0" encoding="UTF-8"?>
<!-- Generated by org.testng.reporters.JUnitXMLReporter -->
<testsuite ignored="0" hostname="Santoshs-Air.lan" failures="0" tests="3" name="MavenProject" time="26.001" errors="0" timestamp="2024-04-03T17:27:28 IST">
  <testcase classname="parameterization.DataProviderWithExcel" name="verifySearchCourseOnGoogle" time="9.137"/>
  <testcase classname="parameterization.DataProviderWithExcel" name="verifySearchCourseOnGoogle" time="8.298"/>
  <testcase classname="parameterization.DataProviderWithExcel" name="verifySearchCourseOnGoogle" time="8.258"/>
</testsuite> <!-- MavenProject -->
